0 info it worked if it ends with ok
1 verbose cli [ '/usr/local/bin/node',
1 verbose cli   '/usr/local/bin/npm',
1 verbose cli   'i',
1 verbose cli   '-g',
1 verbose cli   'rimraf' ]
2 info using npm@3.3.12
3 info using node@v5.4.1
4 silly loadCurrentTree Starting
5 silly install loadCurrentTree
6 silly install readGlobalPackageData
7 silly fetchPackageMetaData rimraf
8 silly fetchNamedPackageData rimraf
9 silly mapToRegistry name rimraf
10 silly mapToRegistry using default registry
11 silly mapToRegistry registry https://registry.npmjs.org/
12 silly mapToRegistry uri https://registry.npmjs.org/rimraf
13 verbose request uri https://registry.npmjs.org/rimraf
14 verbose request no auth needed
15 info attempt registry request try #1 at 1:42:43 PM
16 verbose request id 0d9b08d1a493af55
17 verbose etag "F3SO41X8O8KK4SCWT86OYXG1Y"
18 http request GET https://registry.npmjs.org/rimraf
19 http 200 https://registry.npmjs.org/rimraf
20 verbose headers { server: 'CouchDB/1.5.0 (Erlang OTP/R16B03)',
20 verbose headers   etag: '"4NY20CWIE902D5FCIVQOCH8HT"',
20 verbose headers   'content-type': 'application/json',
20 verbose headers   'cache-control': 'max-age=300',
20 verbose headers   'content-length': '50137',
20 verbose headers   'accept-ranges': 'bytes',
20 verbose headers   date: 'Fri, 12 Feb 2016 11:42:43 GMT',
20 verbose headers   via: '1.1 varnish',
20 verbose headers   age: '9',
20 verbose headers   connection: 'keep-alive',
20 verbose headers   'x-served-by': 'cache-ams4144-AMS',
20 verbose headers   'x-cache': 'HIT',
20 verbose headers   'x-cache-hits': '65',
20 verbose headers   'x-timer': 'S1455277363.426581,VS0,VE0',
20 verbose headers   vary: 'Accept' }
21 silly get cb [ 200,
21 silly get   { server: 'CouchDB/1.5.0 (Erlang OTP/R16B03)',
21 silly get     etag: '"4NY20CWIE902D5FCIVQOCH8HT"',
21 silly get     'content-type': 'application/json',
21 silly get     'cache-control': 'max-age=300',
21 silly get     'content-length': '50137',
21 silly get     'accept-ranges': 'bytes',
21 silly get     date: 'Fri, 12 Feb 2016 11:42:43 GMT',
21 silly get     via: '1.1 varnish',
21 silly get     age: '9',
21 silly get     connection: 'keep-alive',
21 silly get     'x-served-by': 'cache-ams4144-AMS',
21 silly get     'x-cache': 'HIT',
21 silly get     'x-cache-hits': '65',
21 silly get     'x-timer': 'S1455277363.426581,VS0,VE0',
21 silly get     vary: 'Accept' } ]
22 verbose get saving rimraf to /Users/aleksandrgarbovskij/.npm/registry.npmjs.org/rimraf/.cache.json
23 silly install normalizeTree
24 silly loadCurrentTree Finishing
25 silly loadIdealTree Starting
26 silly install loadIdealTree
27 silly cloneCurrentTree Starting
28 silly install cloneCurrentTreeToIdealTree
29 silly cloneCurrentTree Finishing
30 silly loadShrinkwrap Starting
31 silly install loadShrinkwrap
32 silly loadShrinkwrap Finishing
33 silly loadAllDepsIntoIdealTree Starting
34 silly install loadAllDepsIntoIdealTree
35 silly resolveWithNewModule rimraf@2.5.1 checking installable status
36 silly cache add args [ 'rimraf', null ]
37 verbose cache add spec rimraf
38 silly cache add parsed spec Result {
38 silly cache add   raw: 'rimraf',
38 silly cache add   scope: null,
38 silly cache add   name: 'rimraf',
38 silly cache add   rawSpec: '',
38 silly cache add   spec: '*',
38 silly cache add   type: 'range' }
39 silly addNamed rimraf@*
40 verbose addNamed "*" is a valid semver range for rimraf
41 silly addNameRange { name: 'rimraf', range: '*', hasData: false }
42 silly mapToRegistry name rimraf
43 silly mapToRegistry using default registry
44 silly mapToRegistry registry https://registry.npmjs.org/
45 silly mapToRegistry uri https://registry.npmjs.org/rimraf
46 verbose addNameRange registry:https://registry.npmjs.org/rimraf not in flight; fetching
47 verbose get https://registry.npmjs.org/rimraf not expired, no request
48 silly addNameRange number 2 { name: 'rimraf', range: '*', hasData: true }
49 silly addNameRange versions [ 'rimraf',
49 silly addNameRange   [ '1.0.0',
49 silly addNameRange     '1.0.1',
49 silly addNameRange     '1.0.2',
49 silly addNameRange     '1.0.4',
49 silly addNameRange     '1.0.5',
49 silly addNameRange     '1.0.6',
49 silly addNameRange     '1.0.7',
49 silly addNameRange     '1.0.8',
49 silly addNameRange     '1.0.9',
49 silly addNameRange     '2.0.0',
49 silly addNameRange     '2.0.1',
49 silly addNameRange     '2.0.2',
49 silly addNameRange     '2.0.3',
49 silly addNameRange     '2.1.0',
49 silly addNameRange     '2.1.1',
49 silly addNameRange     '2.1.2',
49 silly addNameRange     '2.1.3',
49 silly addNameRange     '2.1.4',
49 silly addNameRange     '2.2.0',
49 silly addNameRange     '2.2.1',
49 silly addNameRange     '2.2.2',
49 silly addNameRange     '2.2.3',
49 silly addNameRange     '2.2.4',
49 silly addNameRange     '2.2.5',
49 silly addNameRange     '2.2.6',
49 silly addNameRange     '2.2.8',
49 silly addNameRange     '2.3.0',
49 silly addNameRange     '2.3.1',
49 silly addNameRange     '2.3.2',
49 silly addNameRange     '2.3.3',
49 silly addNameRange     '2.3.4',
49 silly addNameRange     '2.4.0',
49 silly addNameRange     '2.4.1',
49 silly addNameRange     '2.4.2',
49 silly addNameRange     '2.4.3',
49 silly addNameRange     '2.4.4',
49 silly addNameRange     '2.4.5',
49 silly addNameRange     '2.5.0',
49 silly addNameRange     '2.5.1' ] ]
50 silly addNamed rimraf@2.5.1
51 verbose addNamed "2.5.1" is a plain semver version for rimraf
52 silly cache afterAdd rimraf@2.5.1
53 verbose afterAdd /Users/aleksandrgarbovskij/.npm/rimraf/2.5.1/package/package.json not in flight; writing
54 verbose afterAdd /Users/aleksandrgarbovskij/.npm/rimraf/2.5.1/package/package.json written
55 silly fetchNamedPackageData glob
56 silly mapToRegistry name glob
57 silly mapToRegistry using default registry
58 silly mapToRegistry registry https://registry.npmjs.org/
59 silly mapToRegistry uri https://registry.npmjs.org/glob
60 verbose request uri https://registry.npmjs.org/glob
61 verbose request no auth needed
62 info attempt registry request try #1 at 1:42:44 PM
63 verbose etag "BERPNYCCGSFXYLK90OUMJE3R6"
64 http request GET https://registry.npmjs.org/glob
65 http 200 https://registry.npmjs.org/glob
66 verbose headers { server: 'CouchDB/1.5.0 (Erlang OTP/R16B03)',
66 verbose headers   etag: '"5NT6MROZH2AQM2613NZZUPDMF"',
66 verbose headers   'content-type': 'application/json',
66 verbose headers   'cache-control': 'max-age=300',
66 verbose headers   'content-length': '115858',
66 verbose headers   'accept-ranges': 'bytes',
66 verbose headers   date: 'Fri, 12 Feb 2016 11:42:43 GMT',
66 verbose headers   via: '1.1 varnish',
66 verbose headers   age: '37',
66 verbose headers   connection: 'keep-alive',
66 verbose headers   'x-served-by': 'cache-ams4131-AMS',
66 verbose headers   'x-cache': 'HIT',
66 verbose headers   'x-cache-hits': '3',
66 verbose headers   'x-timer': 'S1455277363.802900,VS0,VE0',
66 verbose headers   vary: 'Accept' }
67 silly get cb [ 200,
67 silly get   { server: 'CouchDB/1.5.0 (Erlang OTP/R16B03)',
67 silly get     etag: '"5NT6MROZH2AQM2613NZZUPDMF"',
67 silly get     'content-type': 'application/json',
67 silly get     'cache-control': 'max-age=300',
67 silly get     'content-length': '115858',
67 silly get     'accept-ranges': 'bytes',
67 silly get     date: 'Fri, 12 Feb 2016 11:42:43 GMT',
67 silly get     via: '1.1 varnish',
67 silly get     age: '37',
67 silly get     connection: 'keep-alive',
67 silly get     'x-served-by': 'cache-ams4131-AMS',
67 silly get     'x-cache': 'HIT',
67 silly get     'x-cache-hits': '3',
67 silly get     'x-timer': 'S1455277363.802900,VS0,VE0',
67 silly get     vary: 'Accept' } ]
68 verbose get saving glob to /Users/aleksandrgarbovskij/.npm/registry.npmjs.org/glob/.cache.json
69 silly resolveWithNewModule glob@6.0.4 checking installable status
70 silly cache add args [ 'glob@^6.0.1', null ]
71 verbose cache add spec glob@^6.0.1
72 silly cache add parsed spec Result {
72 silly cache add   raw: 'glob@^6.0.1',
72 silly cache add   scope: null,
72 silly cache add   name: 'glob',
72 silly cache add   rawSpec: '^6.0.1',
72 silly cache add   spec: '>=6.0.1 <7.0.0',
72 silly cache add   type: 'range' }
73 silly addNamed glob@>=6.0.1 <7.0.0
74 verbose addNamed ">=6.0.1 <7.0.0" is a valid semver range for glob
75 silly addNameRange { name: 'glob', range: '>=6.0.1 <7.0.0', hasData: false }
76 silly mapToRegistry name glob
77 silly mapToRegistry using default registry
78 silly mapToRegistry registry https://registry.npmjs.org/
79 silly mapToRegistry uri https://registry.npmjs.org/glob
80 verbose addNameRange registry:https://registry.npmjs.org/glob not in flight; fetching
81 verbose get https://registry.npmjs.org/glob not expired, no request
82 silly addNameRange number 2 { name: 'glob', range: '>=6.0.1 <7.0.0', hasData: true }
83 silly addNameRange versions [ 'glob',
83 silly addNameRange   [ '1.1.0',
83 silly addNameRange     '2.0.9',
83 silly addNameRange     '2.0.8',
83 silly addNameRange     '2.0.7',
83 silly addNameRange     '2.1.0',
83 silly addNameRange     '3.0.0',
83 silly addNameRange     '3.0.1',
83 silly addNameRange     '3.1.0',
83 silly addNameRange     '3.1.1',
83 silly addNameRange     '3.1.2',
83 silly addNameRange     '3.1.3',
83 silly addNameRange     '3.1.4',
83 silly addNameRange     '3.1.5',
83 silly addNameRange     '3.1.6',
83 silly addNameRange     '3.1.7',
83 silly addNameRange     '3.1.9',
83 silly addNameRange     '3.1.10',
83 silly addNameRange     '3.1.11',
83 silly addNameRange     '3.1.12',
83 silly addNameRange     '3.1.13',
83 silly addNameRange     '3.1.14',
83 silly addNameRange     '3.1.15',
83 silly addNameRange     '3.1.16',
83 silly addNameRange     '3.1.17',
83 silly addNameRange     '3.1.18',
83 silly addNameRange     '3.1.19',
83 silly addNameRange     '3.1.20',
83 silly addNameRange     '3.1.21',
83 silly addNameRange     '3.2.0',
83 silly addNameRange     '3.2.1',
83 silly addNameRange     '3.2.3',
83 silly addNameRange     '3.2.4',
83 silly addNameRange     '3.2.5',
83 silly addNameRange     '3.2.6',
83 silly addNameRange     '3.2.7',
83 silly addNameRange     '3.2.8',
83 silly addNameRange     '3.2.9',
83 silly addNameRange     '3.2.10',
83 silly addNameRange     '3.2.11',
83 silly addNameRange     '4.0.0',
83 silly addNameRange     '4.0.1',
83 silly addNameRange     '4.0.2',
83 silly addNameRange     '4.0.3',
83 silly addNameRange     '4.0.4',
83 silly addNameRange     '4.0.5',
83 silly addNameRange     '4.0.6',
83 silly addNameRange     '4.1.2-beta',
83 silly addNameRange     '4.1.2',
83 silly addNameRange     '4.1.3',
83 silly addNameRange     '4.1.4',
83 silly addNameRange     '4.1.5',
83 silly addNameRange     '4.1.6',
83 silly addNameRange     '4.2.0',
83 silly addNameRange     '4.2.1',
83 silly addNameRange     '4.2.2',
83 silly addNameRange     '4.3.0',
83 silly addNameRange     '4.3.1',
83 silly addNameRange     '4.3.2',
83 silly addNameRange     '4.3.3',
83 silly addNameRange     '4.3.4',
83 silly addNameRange     '4.3.5',
83 silly addNameRange     '4.4.0',
83 silly addNameRange     '4.4.2',
83 silly addNameRange     '4.5.0',
83 silly addNameRange     '5.0.0',
83 silly addNameRange     '4.5.1',
83 silly addNameRange     '5.0.1',
83 silly addNameRange     '4.5.2',
83 silly addNameRange     '5.0.2',
83 silly addNameRange     '4.5.3',
83 silly addNameRange     '5.0.3',
83 silly addNameRange     '5.0.4',
83 silly addNameRange     '5.0.5',
83 silly addNameRange     '5.0.6',
83 silly addNameRange     '5.0.7',
83 silly addNameRange     '5.0.9',
83 silly addNameRange     '5.0.10',
83 silly addNameRange     '5.0.11',
83 silly addNameRange     '5.0.12',
83 silly addNameRange     '5.0.13',
83 silly addNameRange     '5.0.14',
83 silly addNameRange     '5.0.15',
83 silly addNameRange     '6.0.1',
83 silly addNameRange     '6.0.2',
83 silly addNameRange     '6.0.3',
83 silly addNameRange     '6.0.4',
83 silly addNameRange     '7.0.0' ] ]
84 silly addNamed glob@6.0.4
85 verbose addNamed "6.0.4" is a plain semver version for glob
86 silly cache afterAdd glob@6.0.4
87 verbose afterAdd /Users/aleksandrgarbovskij/.npm/glob/6.0.4/package/package.json not in flight; writing
88 verbose afterAdd /Users/aleksandrgarbovskij/.npm/glob/6.0.4/package/package.json written
89 silly fetchNamedPackageData inflight
90 silly mapToRegistry name inflight
91 silly mapToRegistry using default registry
92 silly mapToRegistry registry https://registry.npmjs.org/
93 silly mapToRegistry uri https://registry.npmjs.org/inflight
94 silly fetchNamedPackageData inherits
95 silly mapToRegistry name inherits
96 silly mapToRegistry using default registry
97 silly mapToRegistry registry https://registry.npmjs.org/
98 silly mapToRegistry uri https://registry.npmjs.org/inherits
99 silly fetchNamedPackageData minimatch
100 silly mapToRegistry name minimatch
101 silly mapToRegistry using default registry
102 silly mapToRegistry registry https://registry.npmjs.org/
103 silly mapToRegistry uri https://registry.npmjs.org/minimatch
104 silly fetchNamedPackageData once
105 silly mapToRegistry name once
106 silly mapToRegistry using default registry
107 silly mapToRegistry registry https://registry.npmjs.org/
108 silly mapToRegistry uri https://registry.npmjs.org/once
109 silly fetchNamedPackageData path-is-absolute
110 silly mapToRegistry name path-is-absolute
111 silly mapToRegistry using default registry
112 silly mapToRegistry registry https://registry.npmjs.org/
113 silly mapToRegistry uri https://registry.npmjs.org/path-is-absolute
114 verbose request uri https://registry.npmjs.org/inherits
115 verbose request no auth needed
116 info attempt registry request try #1 at 1:42:44 PM
117 verbose etag "9X8QQPTMEHBKEGT3NRFBWEXFL"
118 http request GET https://registry.npmjs.org/inherits
119 verbose request uri https://registry.npmjs.org/once
120 verbose request no auth needed
121 info attempt registry request try #1 at 1:42:44 PM
122 verbose etag "5RAZFX8WPD0EGBP3FS5E3MKNH"
123 http request GET https://registry.npmjs.org/once
124 verbose request uri https://registry.npmjs.org/inflight
125 verbose request no auth needed
126 info attempt registry request try #1 at 1:42:44 PM
127 verbose etag "AYD7KENJNHXM5Z0WKMT2D06HW"
128 http request GET https://registry.npmjs.org/inflight
129 verbose request uri https://registry.npmjs.org/minimatch
130 verbose request no auth needed
131 info attempt registry request try #1 at 1:42:44 PM
132 verbose etag "8HS6SGP4P79QYX2D5VF5NHA4V"
133 http request GET https://registry.npmjs.org/minimatch
134 verbose request uri https://registry.npmjs.org/path-is-absolute
135 verbose request no auth needed
136 info attempt registry request try #1 at 1:42:44 PM
137 verbose etag "BN5VZYARJTFIZINEV94ZMOHSE"
138 http request GET https://registry.npmjs.org/path-is-absolute
139 http 304 https://registry.npmjs.org/path-is-absolute
140 verbose headers { date: 'Fri, 12 Feb 2016 11:42:44 GMT',
140 verbose headers   via: '1.1 varnish',
140 verbose headers   'cache-control': 'max-age=60',
140 verbose headers   etag: '"BN5VZYARJTFIZINEV94ZMOHSE"',
140 verbose headers   age: '38',
140 verbose headers   connection: 'keep-alive',
140 verbose headers   'x-served-by': 'cache-ams4137-AMS',
140 verbose headers   'x-cache': 'HIT',
140 verbose headers   'x-cache-hits': '4',
140 verbose headers   'x-timer': 'S1455277364.196451,VS0,VE0',
140 verbose headers   vary: 'Accept' }
141 silly get cb [ 304,
141 silly get   { date: 'Fri, 12 Feb 2016 11:42:44 GMT',
141 silly get     via: '1.1 varnish',
141 silly get     'cache-control': 'max-age=60',
141 silly get     etag: '"BN5VZYARJTFIZINEV94ZMOHSE"',
141 silly get     age: '38',
141 silly get     connection: 'keep-alive',
141 silly get     'x-served-by': 'cache-ams4137-AMS',
141 silly get     'x-cache': 'HIT',
141 silly get     'x-cache-hits': '4',
141 silly get     'x-timer': 'S1455277364.196451,VS0,VE0',
141 silly get     vary: 'Accept' } ]
142 verbose etag https://registry.npmjs.org/path-is-absolute from cache
143 verbose get saving path-is-absolute to /Users/aleksandrgarbovskij/.npm/registry.npmjs.org/path-is-absolute/.cache.json
144 http 304 https://registry.npmjs.org/inflight
145 verbose headers { date: 'Fri, 12 Feb 2016 11:42:44 GMT',
145 verbose headers   via: '1.1 varnish',
145 verbose headers   'cache-control': 'max-age=60',
145 verbose headers   etag: '"AYD7KENJNHXM5Z0WKMT2D06HW"',
145 verbose headers   age: '59',
145 verbose headers   connection: 'keep-alive',
145 verbose headers   'x-served-by': 'cache-ams4128-AMS',
145 verbose headers   'x-cache': 'HIT',
145 verbose headers   'x-cache-hits': '2',
145 verbose headers   'x-timer': 'S1455277364.195623,VS0,VE0',
145 verbose headers   vary: 'Accept' }
146 silly get cb [ 304,
146 silly get   { date: 'Fri, 12 Feb 2016 11:42:44 GMT',
146 silly get     via: '1.1 varnish',
146 silly get     'cache-control': 'max-age=60',
146 silly get     etag: '"AYD7KENJNHXM5Z0WKMT2D06HW"',
146 silly get     age: '59',
146 silly get     connection: 'keep-alive',
146 silly get     'x-served-by': 'cache-ams4128-AMS',
146 silly get     'x-cache': 'HIT',
146 silly get     'x-cache-hits': '2',
146 silly get     'x-timer': 'S1455277364.195623,VS0,VE0',
146 silly get     vary: 'Accept' } ]
147 verbose etag https://registry.npmjs.org/inflight from cache
148 verbose get saving inflight to /Users/aleksandrgarbovskij/.npm/registry.npmjs.org/inflight/.cache.json
149 http 304 https://registry.npmjs.org/inherits
150 verbose headers { date: 'Fri, 12 Feb 2016 11:42:44 GMT',
150 verbose headers   via: '1.1 varnish',
150 verbose headers   'cache-control': 'max-age=300',
150 verbose headers   etag: '"9X8QQPTMEHBKEGT3NRFBWEXFL"',
150 verbose headers   age: '168',
150 verbose headers   connection: 'keep-alive',
150 verbose headers   'x-served-by': 'cache-ams4131-AMS',
150 verbose headers   'x-cache': 'HIT',
150 verbose headers   'x-cache-hits': '19',
150 verbose headers   'x-timer': 'S1455277364.196978,VS0,VE0',
150 verbose headers   vary: 'Accept' }
151 silly get cb [ 304,
151 silly get   { date: 'Fri, 12 Feb 2016 11:42:44 GMT',
151 silly get     via: '1.1 varnish',
151 silly get     'cache-control': 'max-age=300',
151 silly get     etag: '"9X8QQPTMEHBKEGT3NRFBWEXFL"',
151 silly get     age: '168',
151 silly get     connection: 'keep-alive',
151 silly get     'x-served-by': 'cache-ams4131-AMS',
151 silly get     'x-cache': 'HIT',
151 silly get     'x-cache-hits': '19',
151 silly get     'x-timer': 'S1455277364.196978,VS0,VE0',
151 silly get     vary: 'Accept' } ]
152 verbose etag https://registry.npmjs.org/inherits from cache
153 verbose get saving inherits to /Users/aleksandrgarbovskij/.npm/registry.npmjs.org/inherits/.cache.json
154 http 304 https://registry.npmjs.org/once
155 verbose headers { date: 'Fri, 12 Feb 2016 11:42:44 GMT',
155 verbose headers   via: '1.1 varnish',
155 verbose headers   'cache-control': 'max-age=300',
155 verbose headers   etag: '"5RAZFX8WPD0EGBP3FS5E3MKNH"',
155 verbose headers   age: '253',
155 verbose headers   connection: 'keep-alive',
155 verbose headers   'x-served-by': 'cache-ams4148-AMS',
155 verbose headers   'x-cache': 'HIT',
155 verbose headers   'x-cache-hits': '17',
155 verbose headers   'x-timer': 'S1455277364.198294,VS0,VE0',
155 verbose headers   vary: 'Accept' }
156 silly get cb [ 304,
156 silly get   { date: 'Fri, 12 Feb 2016 11:42:44 GMT',
156 silly get     via: '1.1 varnish',
156 silly get     'cache-control': 'max-age=300',
156 silly get     etag: '"5RAZFX8WPD0EGBP3FS5E3MKNH"',
156 silly get     age: '253',
156 silly get     connection: 'keep-alive',
156 silly get     'x-served-by': 'cache-ams4148-AMS',
156 silly get     'x-cache': 'HIT',
156 silly get     'x-cache-hits': '17',
156 silly get     'x-timer': 'S1455277364.198294,VS0,VE0',
156 silly get     vary: 'Accept' } ]
157 verbose etag https://registry.npmjs.org/once from cache
158 verbose get saving once to /Users/aleksandrgarbovskij/.npm/registry.npmjs.org/once/.cache.json
159 http 304 https://registry.npmjs.org/minimatch
160 verbose headers { date: 'Fri, 12 Feb 2016 11:42:44 GMT',
160 verbose headers   via: '1.1 varnish',
160 verbose headers   'cache-control': 'max-age=300',
160 verbose headers   etag: '"8HS6SGP4P79QYX2D5VF5NHA4V"',
160 verbose headers   age: '159',
160 verbose headers   connection: 'keep-alive',
160 verbose headers   'x-served-by': 'cache-ams4136-AMS',
160 verbose headers   'x-cache': 'HIT',
160 verbose headers   'x-cache-hits': '23',
160 verbose headers   'x-timer': 'S1455277364.198761,VS0,VE0',
160 verbose headers   vary: 'Accept' }
161 silly get cb [ 304,
161 silly get   { date: 'Fri, 12 Feb 2016 11:42:44 GMT',
161 silly get     via: '1.1 varnish',
161 silly get     'cache-control': 'max-age=300',
161 silly get     etag: '"8HS6SGP4P79QYX2D5VF5NHA4V"',
161 silly get     age: '159',
161 silly get     connection: 'keep-alive',
161 silly get     'x-served-by': 'cache-ams4136-AMS',
161 silly get     'x-cache': 'HIT',
161 silly get     'x-cache-hits': '23',
161 silly get     'x-timer': 'S1455277364.198761,VS0,VE0',
161 silly get     vary: 'Accept' } ]
162 verbose etag https://registry.npmjs.org/minimatch from cache
163 verbose get saving minimatch to /Users/aleksandrgarbovskij/.npm/registry.npmjs.org/minimatch/.cache.json
164 silly resolveWithNewModule once@1.3.3 checking installable status
165 silly cache add args [ 'once@^1.3.0', null ]
166 verbose cache add spec once@^1.3.0
167 silly cache add parsed spec Result {
167 silly cache add   raw: 'once@^1.3.0',
167 silly cache add   scope: null,
167 silly cache add   name: 'once',
167 silly cache add   rawSpec: '^1.3.0',
167 silly cache add   spec: '>=1.3.0 <2.0.0',
167 silly cache add   type: 'range' }
168 silly addNamed once@>=1.3.0 <2.0.0
169 verbose addNamed ">=1.3.0 <2.0.0" is a valid semver range for once
170 silly addNameRange { name: 'once', range: '>=1.3.0 <2.0.0', hasData: false }
171 silly mapToRegistry name once
172 silly mapToRegistry using default registry
173 silly mapToRegistry registry https://registry.npmjs.org/
174 silly mapToRegistry uri https://registry.npmjs.org/once
175 verbose addNameRange registry:https://registry.npmjs.org/once not in flight; fetching
176 silly resolveWithNewModule inflight@1.0.4 checking installable status
177 silly cache add args [ 'inflight@^1.0.4', null ]
178 verbose cache add spec inflight@^1.0.4
179 silly cache add parsed spec Result {
179 silly cache add   raw: 'inflight@^1.0.4',
179 silly cache add   scope: null,
179 silly cache add   name: 'inflight',
179 silly cache add   rawSpec: '^1.0.4',
179 silly cache add   spec: '>=1.0.4 <2.0.0',
179 silly cache add   type: 'range' }
180 silly addNamed inflight@>=1.0.4 <2.0.0
181 verbose addNamed ">=1.0.4 <2.0.0" is a valid semver range for inflight
182 silly addNameRange { name: 'inflight', range: '>=1.0.4 <2.0.0', hasData: false }
183 silly mapToRegistry name inflight
184 silly mapToRegistry using default registry
185 silly mapToRegistry registry https://registry.npmjs.org/
186 silly mapToRegistry uri https://registry.npmjs.org/inflight
187 verbose addNameRange registry:https://registry.npmjs.org/inflight not in flight; fetching
188 silly resolveWithNewModule inherits@2.0.1 checking installable status
189 silly cache add args [ 'inherits@2', null ]
190 verbose cache add spec inherits@2
191 silly cache add parsed spec Result {
191 silly cache add   raw: 'inherits@2',
191 silly cache add   scope: null,
191 silly cache add   name: 'inherits',
191 silly cache add   rawSpec: '2',
191 silly cache add   spec: '>=2.0.0 <3.0.0',
191 silly cache add   type: 'range' }
192 silly addNamed inherits@>=2.0.0 <3.0.0
193 verbose addNamed ">=2.0.0 <3.0.0" is a valid semver range for inherits
194 silly addNameRange { name: 'inherits', range: '>=2.0.0 <3.0.0', hasData: false }
195 silly mapToRegistry name inherits
196 silly mapToRegistry using default registry
197 silly mapToRegistry registry https://registry.npmjs.org/
198 silly mapToRegistry uri https://registry.npmjs.org/inherits
199 verbose addNameRange registry:https://registry.npmjs.org/inherits not in flight; fetching
200 silly resolveWithNewModule path-is-absolute@1.0.0 checking installable status
201 silly cache add args [ 'path-is-absolute@^1.0.0', null ]
202 verbose cache add spec path-is-absolute@^1.0.0
203 silly cache add parsed spec Result {
203 silly cache add   raw: 'path-is-absolute@^1.0.0',
203 silly cache add   scope: null,
203 silly cache add   name: 'path-is-absolute',
203 silly cache add   rawSpec: '^1.0.0',
203 silly cache add   spec: '>=1.0.0 <2.0.0',
203 silly cache add   type: 'range' }
204 silly addNamed path-is-absolute@>=1.0.0 <2.0.0
205 verbose addNamed ">=1.0.0 <2.0.0" is a valid semver range for path-is-absolute
206 silly addNameRange { name: 'path-is-absolute',
206 silly addNameRange   range: '>=1.0.0 <2.0.0',
206 silly addNameRange   hasData: false }
207 silly mapToRegistry name path-is-absolute
208 silly mapToRegistry using default registry
209 silly mapToRegistry registry https://registry.npmjs.org/
210 silly mapToRegistry uri https://registry.npmjs.org/path-is-absolute
211 verbose addNameRange registry:https://registry.npmjs.org/path-is-absolute not in flight; fetching
212 silly resolveWithNewModule minimatch@3.0.0 checking installable status
213 silly cache add args [ 'minimatch@2 || 3', null ]
214 verbose cache add spec minimatch@2 || 3
215 silly cache add parsed spec Result {
215 silly cache add   raw: 'minimatch@2 || 3',
215 silly cache add   scope: null,
215 silly cache add   name: 'minimatch',
215 silly cache add   rawSpec: '2 || 3',
215 silly cache add   spec: '>=2.0.0 <3.0.0||>=3.0.0 <4.0.0',
215 silly cache add   type: 'range' }
216 silly addNamed minimatch@>=2.0.0 <3.0.0||>=3.0.0 <4.0.0
217 verbose addNamed ">=2.0.0 <3.0.0||>=3.0.0 <4.0.0" is a valid semver range for minimatch
218 silly addNameRange { name: 'minimatch',
218 silly addNameRange   range: '>=2.0.0 <3.0.0||>=3.0.0 <4.0.0',
218 silly addNameRange   hasData: false }
219 silly mapToRegistry name minimatch
220 silly mapToRegistry using default registry
221 silly mapToRegistry registry https://registry.npmjs.org/
222 silly mapToRegistry uri https://registry.npmjs.org/minimatch
223 verbose addNameRange registry:https://registry.npmjs.org/minimatch not in flight; fetching
224 verbose get https://registry.npmjs.org/once not expired, no request
225 silly addNameRange number 2 { name: 'once', range: '>=1.3.0 <2.0.0', hasData: true }
226 silly addNameRange versions [ 'once',
226 silly addNameRange   [ '1.1.1', '1.2.0', '1.3.0', '1.3.1', '1.3.2', '1.3.3' ] ]
227 silly addNamed once@1.3.3
228 verbose addNamed "1.3.3" is a plain semver version for once
229 verbose get https://registry.npmjs.org/inflight not expired, no request
230 silly addNameRange number 2 { name: 'inflight', range: '>=1.0.4 <2.0.0', hasData: true }
231 silly addNameRange versions [ 'inflight', [ '1.0.0', '1.0.1', '1.0.2', '1.0.3', '1.0.4' ] ]
232 silly addNamed inflight@1.0.4
233 verbose addNamed "1.0.4" is a plain semver version for inflight
234 verbose get https://registry.npmjs.org/inherits not expired, no request
235 silly addNameRange number 2 { name: 'inherits', range: '>=2.0.0 <3.0.0', hasData: true }
236 silly addNameRange versions [ 'inherits', [ '1.0.0', '2.0.0', '2.0.1', '1.0.1', '1.0.2' ] ]
237 silly addNamed inherits@2.0.1
238 verbose addNamed "2.0.1" is a plain semver version for inherits
239 verbose get https://registry.npmjs.org/path-is-absolute not expired, no request
240 silly addNameRange number 2 { name: 'path-is-absolute',
240 silly addNameRange   range: '>=1.0.0 <2.0.0',
240 silly addNameRange   hasData: true }
241 silly addNameRange versions [ 'path-is-absolute', [ '1.0.0' ] ]
242 silly addNamed path-is-absolute@1.0.0
243 verbose addNamed "1.0.0" is a plain semver version for path-is-absolute
244 verbose get https://registry.npmjs.org/minimatch not expired, no request
245 silly addNameRange number 2 { name: 'minimatch',
245 silly addNameRange   range: '>=2.0.0 <3.0.0||>=3.0.0 <4.0.0',
245 silly addNameRange   hasData: true }
246 silly addNameRange versions [ 'minimatch',
246 silly addNameRange   [ '0.0.1',
246 silly addNameRange     '0.0.2',
246 silly addNameRange     '0.0.4',
246 silly addNameRange     '0.0.5',
246 silly addNameRange     '0.1.1',
246 silly addNameRange     '0.1.2',
246 silly addNameRange     '0.1.3',
246 silly addNameRange     '0.1.4',
246 silly addNameRange     '0.1.5',
246 silly addNameRange     '0.2.0',
246 silly addNameRange     '0.2.2',
246 silly addNameRange     '0.2.3',
246 silly addNameRange     '0.2.4',
246 silly addNameRange     '0.2.5',
246 silly addNameRange     '0.2.6',
246 silly addNameRange     '0.2.7',
246 silly addNameRange     '0.2.8',
246 silly addNameRange     '0.2.9',
246 silly addNameRange     '0.2.10',
246 silly addNameRange     '0.2.11',
246 silly addNameRange     '0.2.12',
246 silly addNameRange     '0.2.13',
246 silly addNameRange     '0.2.14',
246 silly addNameRange     '0.3.0',
246 silly addNameRange     '0.4.0',
246 silly addNameRange     '1.0.0',
246 silly addNameRange     '2.0.0',
246 silly addNameRange     '2.0.1',
246 silly addNameRange     '2.0.2',
246 silly addNameRange     '2.0.3',
246 silly addNameRange     '2.0.4',
246 silly addNameRange     '2.0.5',
246 silly addNameRange     '2.0.6',
246 silly addNameRange     '2.0.7',
246 silly addNameRange     '2.0.8',
246 silly addNameRange     '2.0.9',
246 silly addNameRange     '2.0.10',
246 silly addNameRange     '3.0.0' ] ]
247 silly addNamed minimatch@3.0.0
248 verbose addNamed "3.0.0" is a plain semver version for minimatch
249 silly cache afterAdd inflight@1.0.4
250 verbose afterAdd /Users/aleksandrgarbovskij/.npm/inflight/1.0.4/package/package.json not in flight; writing
251 silly cache afterAdd once@1.3.3
252 verbose afterAdd /Users/aleksandrgarbovskij/.npm/once/1.3.3/package/package.json not in flight; writing
253 silly cache afterAdd inherits@2.0.1
254 verbose afterAdd /Users/aleksandrgarbovskij/.npm/inherits/2.0.1/package/package.json not in flight; writing
255 silly cache afterAdd minimatch@3.0.0
256 verbose afterAdd /Users/aleksandrgarbovskij/.npm/minimatch/3.0.0/package/package.json not in flight; writing
257 silly cache afterAdd path-is-absolute@1.0.0
258 verbose afterAdd /Users/aleksandrgarbovskij/.npm/path-is-absolute/1.0.0/package/package.json not in flight; writing
259 verbose afterAdd /Users/aleksandrgarbovskij/.npm/inflight/1.0.4/package/package.json written
260 verbose afterAdd /Users/aleksandrgarbovskij/.npm/once/1.3.3/package/package.json written
261 verbose afterAdd /Users/aleksandrgarbovskij/.npm/minimatch/3.0.0/package/package.json written
262 verbose afterAdd /Users/aleksandrgarbovskij/.npm/inherits/2.0.1/package/package.json written
263 verbose afterAdd /Users/aleksandrgarbovskij/.npm/path-is-absolute/1.0.0/package/package.json written
264 silly fetchNamedPackageData wrappy
265 silly mapToRegistry name wrappy
266 silly mapToRegistry using default registry
267 silly mapToRegistry registry https://registry.npmjs.org/
268 silly mapToRegistry uri https://registry.npmjs.org/wrappy
269 verbose request uri https://registry.npmjs.org/wrappy
270 verbose request no auth needed
271 info attempt registry request try #1 at 1:42:45 PM
272 verbose etag "BC9JAW6E2PQBS8NYYKIYUR99F"
273 http request GET https://registry.npmjs.org/wrappy
274 http 304 https://registry.npmjs.org/wrappy
275 verbose headers { date: 'Fri, 12 Feb 2016 11:42:44 GMT',
275 verbose headers   via: '1.1 varnish',
275 verbose headers   'cache-control': 'max-age=60',
275 verbose headers   etag: '"BC9JAW6E2PQBS8NYYKIYUR99F"',
275 verbose headers   age: '21',
275 verbose headers   connection: 'keep-alive',
275 verbose headers   'x-served-by': 'cache-ams4143-AMS',
275 verbose headers   'x-cache': 'HIT',
275 verbose headers   'x-cache-hits': '2',
275 verbose headers   'x-timer': 'S1455277364.405480,VS0,VE0',
275 verbose headers   vary: 'Accept' }
276 silly get cb [ 304,
276 silly get   { date: 'Fri, 12 Feb 2016 11:42:44 GMT',
276 silly get     via: '1.1 varnish',
276 silly get     'cache-control': 'max-age=60',
276 silly get     etag: '"BC9JAW6E2PQBS8NYYKIYUR99F"',
276 silly get     age: '21',
276 silly get     connection: 'keep-alive',
276 silly get     'x-served-by': 'cache-ams4143-AMS',
276 silly get     'x-cache': 'HIT',
276 silly get     'x-cache-hits': '2',
276 silly get     'x-timer': 'S1455277364.405480,VS0,VE0',
276 silly get     vary: 'Accept' } ]
277 verbose etag https://registry.npmjs.org/wrappy from cache
278 verbose get saving wrappy to /Users/aleksandrgarbovskij/.npm/registry.npmjs.org/wrappy/.cache.json
279 silly resolveWithNewModule wrappy@1.0.1 checking installable status
280 silly cache add args [ 'wrappy@1', null ]
281 verbose cache add spec wrappy@1
282 silly cache add parsed spec Result {
282 silly cache add   raw: 'wrappy@1',
282 silly cache add   scope: null,
282 silly cache add   name: 'wrappy',
282 silly cache add   rawSpec: '1',
282 silly cache add   spec: '>=1.0.0 <2.0.0',
282 silly cache add   type: 'range' }
283 silly addNamed wrappy@>=1.0.0 <2.0.0
284 verbose addNamed ">=1.0.0 <2.0.0" is a valid semver range for wrappy
285 silly addNameRange { name: 'wrappy', range: '>=1.0.0 <2.0.0', hasData: false }
286 silly mapToRegistry name wrappy
287 silly mapToRegistry using default registry
288 silly mapToRegistry registry https://registry.npmjs.org/
289 silly mapToRegistry uri https://registry.npmjs.org/wrappy
290 verbose addNameRange registry:https://registry.npmjs.org/wrappy not in flight; fetching
291 verbose get https://registry.npmjs.org/wrappy not expired, no request
292 silly addNameRange number 2 { name: 'wrappy', range: '>=1.0.0 <2.0.0', hasData: true }
293 silly addNameRange versions [ 'wrappy', [ '1.0.0', '1.0.1' ] ]
294 silly addNamed wrappy@1.0.1
295 verbose addNamed "1.0.1" is a plain semver version for wrappy
296 silly cache afterAdd wrappy@1.0.1
297 verbose afterAdd /Users/aleksandrgarbovskij/.npm/wrappy/1.0.1/package/package.json not in flight; writing
298 verbose afterAdd /Users/aleksandrgarbovskij/.npm/wrappy/1.0.1/package/package.json written
299 silly fetchNamedPackageData brace-expansion
300 silly mapToRegistry name brace-expansion
301 silly mapToRegistry using default registry
302 silly mapToRegistry registry https://registry.npmjs.org/
303 silly mapToRegistry uri https://registry.npmjs.org/brace-expansion
304 verbose request uri https://registry.npmjs.org/brace-expansion
305 verbose request no auth needed
306 info attempt registry request try #1 at 1:42:45 PM
307 verbose etag "BC3J7JX1LEFWG3645L5NSTZJP"
308 http request GET https://registry.npmjs.org/brace-expansion
309 http 200 https://registry.npmjs.org/brace-expansion
310 verbose headers { server: 'CouchDB/1.5.0 (Erlang OTP/R16B03)',
310 verbose headers   etag: '"9MB4GW1V361IHI8FF58TT6D7W"',
310 verbose headers   'content-type': 'application/json',
310 verbose headers   'cache-control': 'max-age=300',
310 verbose headers   'content-length': '14469',
310 verbose headers   'accept-ranges': 'bytes',
310 verbose headers   date: 'Fri, 12 Feb 2016 11:42:44 GMT',
310 verbose headers   via: '1.1 varnish',
310 verbose headers   age: '205',
310 verbose headers   connection: 'keep-alive',
310 verbose headers   'x-served-by': 'cache-ams4129-AMS',
310 verbose headers   'x-cache': 'HIT',
310 verbose headers   'x-cache-hits': '20',
310 verbose headers   'x-timer': 'S1455277364.562477,VS0,VE0',
310 verbose headers   vary: 'Accept' }
311 silly get cb [ 200,
311 silly get   { server: 'CouchDB/1.5.0 (Erlang OTP/R16B03)',
311 silly get     etag: '"9MB4GW1V361IHI8FF58TT6D7W"',
311 silly get     'content-type': 'application/json',
311 silly get     'cache-control': 'max-age=300',
311 silly get     'content-length': '14469',
311 silly get     'accept-ranges': 'bytes',
311 silly get     date: 'Fri, 12 Feb 2016 11:42:44 GMT',
311 silly get     via: '1.1 varnish',
311 silly get     age: '205',
311 silly get     connection: 'keep-alive',
311 silly get     'x-served-by': 'cache-ams4129-AMS',
311 silly get     'x-cache': 'HIT',
311 silly get     'x-cache-hits': '20',
311 silly get     'x-timer': 'S1455277364.562477,VS0,VE0',
311 silly get     vary: 'Accept' } ]
312 verbose get saving brace-expansion to /Users/aleksandrgarbovskij/.npm/registry.npmjs.org/brace-expansion/.cache.json
313 silly resolveWithNewModule brace-expansion@1.1.3 checking installable status
314 silly cache add args [ 'brace-expansion@^1.0.0', null ]
315 verbose cache add spec brace-expansion@^1.0.0
316 silly cache add parsed spec Result {
316 silly cache add   raw: 'brace-expansion@^1.0.0',
316 silly cache add   scope: null,
316 silly cache add   name: 'brace-expansion',
316 silly cache add   rawSpec: '^1.0.0',
316 silly cache add   spec: '>=1.0.0 <2.0.0',
316 silly cache add   type: 'range' }
317 silly addNamed brace-expansion@>=1.0.0 <2.0.0
318 verbose addNamed ">=1.0.0 <2.0.0" is a valid semver range for brace-expansion
319 silly addNameRange { name: 'brace-expansion',
319 silly addNameRange   range: '>=1.0.0 <2.0.0',
319 silly addNameRange   hasData: false }
320 silly mapToRegistry name brace-expansion
321 silly mapToRegistry using default registry
322 silly mapToRegistry registry https://registry.npmjs.org/
323 silly mapToRegistry uri https://registry.npmjs.org/brace-expansion
324 verbose addNameRange registry:https://registry.npmjs.org/brace-expansion not in flight; fetching
325 verbose get https://registry.npmjs.org/brace-expansion not expired, no request
326 silly addNameRange number 2 { name: 'brace-expansion',
326 silly addNameRange   range: '>=1.0.0 <2.0.0',
326 silly addNameRange   hasData: true }
327 silly addNameRange versions [ 'brace-expansion',
327 silly addNameRange   [ '0.0.0', '1.0.0', '1.0.1', '1.1.0', '1.1.1', '1.1.2', '1.1.3' ] ]
328 silly addNamed brace-expansion@1.1.3
329 verbose addNamed "1.1.3" is a plain semver version for brace-expansion
330 silly mapToRegistry name brace-expansion
331 silly mapToRegistry using default registry
332 silly mapToRegistry registry https://registry.npmjs.org/
333 silly mapToRegistry uri https://registry.npmjs.org/brace-expansion
334 verbose addRemoteTarball https://registry.npmjs.org/brace-expansion/-/brace-expansion-1.1.3.tgz not in flight; adding
335 verbose addRemoteTarball [ 'https://registry.npmjs.org/brace-expansion/-/brace-expansion-1.1.3.tgz',
335 verbose addRemoteTarball   '46bff50115d47fc9ab89854abb87d98078a10991' ]
336 info retry fetch attempt 1 at 1:42:45 PM
337 info attempt registry request try #1 at 1:42:45 PM
338 http fetch GET https://registry.npmjs.org/brace-expansion/-/brace-expansion-1.1.3.tgz
339 http fetch 200 https://registry.npmjs.org/brace-expansion/-/brace-expansion-1.1.3.tgz
340 silly fetchAndShaCheck shasum 46bff50115d47fc9ab89854abb87d98078a10991
341 verbose addTmpTarball /var/folders/jt/3kyxmryd38vgzqj9pj3nh5w00000gn/T/npm-98094-39e197ca/registry.npmjs.org/brace-expansion/-/brace-expansion-1.1.3.tgz not in flight; adding
342 verbose addTmpTarball already have metadata; skipping unpack for brace-expansion@1.1.3
343 silly cache afterAdd brace-expansion@1.1.3
344 verbose afterAdd /Users/aleksandrgarbovskij/.npm/brace-expansion/1.1.3/package/package.json not in flight; writing
345 verbose afterAdd /Users/aleksandrgarbovskij/.npm/brace-expansion/1.1.3/package/package.json written
346 silly fetchNamedPackageData balanced-match
347 silly mapToRegistry name balanced-match
348 silly mapToRegistry using default registry
349 silly mapToRegistry registry https://registry.npmjs.org/
350 silly mapToRegistry uri https://registry.npmjs.org/balanced-match
351 silly fetchNamedPackageData concat-map
352 silly mapToRegistry name concat-map
353 silly mapToRegistry using default registry
354 silly mapToRegistry registry https://registry.npmjs.org/
355 silly mapToRegistry uri https://registry.npmjs.org/concat-map
356 verbose request uri https://registry.npmjs.org/balanced-match
357 verbose request no auth needed
358 info attempt registry request try #1 at 1:42:45 PM
359 verbose etag "EWNXFSBBRIGH7I8HCEJKUKS4M"
360 http request GET https://registry.npmjs.org/balanced-match
361 verbose request uri https://registry.npmjs.org/concat-map
362 verbose request no auth needed
363 info attempt registry request try #1 at 1:42:45 PM
364 verbose etag "66LI2B4AH1989LYDFSL4P944A"
365 http request GET https://registry.npmjs.org/concat-map
366 http 304 https://registry.npmjs.org/concat-map
367 verbose headers { date: 'Fri, 12 Feb 2016 11:42:44 GMT',
367 verbose headers   via: '1.1 varnish',
367 verbose headers   'cache-control': 'max-age=300',
367 verbose headers   etag: '"66LI2B4AH1989LYDFSL4P944A"',
367 verbose headers   age: '284',
367 verbose headers   connection: 'keep-alive',
367 verbose headers   'x-served-by': 'cache-ams4148-AMS',
367 verbose headers   'x-cache': 'HIT',
367 verbose headers   'x-cache-hits': '24',
367 verbose headers   'x-timer': 'S1455277364.910292,VS0,VE0',
367 verbose headers   vary: 'Accept' }
368 silly get cb [ 304,
368 silly get   { date: 'Fri, 12 Feb 2016 11:42:44 GMT',
368 silly get     via: '1.1 varnish',
368 silly get     'cache-control': 'max-age=300',
368 silly get     etag: '"66LI2B4AH1989LYDFSL4P944A"',
368 silly get     age: '284',
368 silly get     connection: 'keep-alive',
368 silly get     'x-served-by': 'cache-ams4148-AMS',
368 silly get     'x-cache': 'HIT',
368 silly get     'x-cache-hits': '24',
368 silly get     'x-timer': 'S1455277364.910292,VS0,VE0',
368 silly get     vary: 'Accept' } ]
369 verbose etag https://registry.npmjs.org/concat-map from cache
370 verbose get saving concat-map to /Users/aleksandrgarbovskij/.npm/registry.npmjs.org/concat-map/.cache.json
371 http 304 https://registry.npmjs.org/balanced-match
372 verbose headers { date: 'Fri, 12 Feb 2016 11:42:44 GMT',
372 verbose headers   via: '1.1 varnish',
372 verbose headers   'cache-control': 'max-age=60',
372 verbose headers   etag: '"EWNXFSBBRIGH7I8HCEJKUKS4M"',
372 verbose headers   age: '3',
372 verbose headers   connection: 'keep-alive',
372 verbose headers   'x-served-by': 'cache-ams4130-AMS',
372 verbose headers   'x-cache': 'HIT',
372 verbose headers   'x-cache-hits': '1',
372 verbose headers   'x-timer': 'S1455277364.912521,VS0,VE0',
372 verbose headers   vary: 'Accept' }
373 silly get cb [ 304,
373 silly get   { date: 'Fri, 12 Feb 2016 11:42:44 GMT',
373 silly get     via: '1.1 varnish',
373 silly get     'cache-control': 'max-age=60',
373 silly get     etag: '"EWNXFSBBRIGH7I8HCEJKUKS4M"',
373 silly get     age: '3',
373 silly get     connection: 'keep-alive',
373 silly get     'x-served-by': 'cache-ams4130-AMS',
373 silly get     'x-cache': 'HIT',
373 silly get     'x-cache-hits': '1',
373 silly get     'x-timer': 'S1455277364.912521,VS0,VE0',
373 silly get     vary: 'Accept' } ]
374 verbose etag https://registry.npmjs.org/balanced-match from cache
375 verbose get saving balanced-match to /Users/aleksandrgarbovskij/.npm/registry.npmjs.org/balanced-match/.cache.json
376 silly resolveWithNewModule concat-map@0.0.1 checking installable status
377 silly cache add args [ 'concat-map@0.0.1', null ]
378 verbose cache add spec concat-map@0.0.1
379 silly cache add parsed spec Result {
379 silly cache add   raw: 'concat-map@0.0.1',
379 silly cache add   scope: null,
379 silly cache add   name: 'concat-map',
379 silly cache add   rawSpec: '0.0.1',
379 silly cache add   spec: '0.0.1',
379 silly cache add   type: 'version' }
380 silly addNamed concat-map@0.0.1
381 verbose addNamed "0.0.1" is a plain semver version for concat-map
382 silly mapToRegistry name concat-map
383 silly mapToRegistry using default registry
384 silly mapToRegistry registry https://registry.npmjs.org/
385 silly mapToRegistry uri https://registry.npmjs.org/concat-map
386 verbose addNameVersion registry:https://registry.npmjs.org/concat-map not in flight; fetching
387 silly resolveWithNewModule balanced-match@0.3.0 checking installable status
388 silly cache add args [ 'balanced-match@^0.3.0', null ]
389 verbose cache add spec balanced-match@^0.3.0
390 silly cache add parsed spec Result {
390 silly cache add   raw: 'balanced-match@^0.3.0',
390 silly cache add   scope: null,
390 silly cache add   name: 'balanced-match',
390 silly cache add   rawSpec: '^0.3.0',
390 silly cache add   spec: '>=0.3.0 <0.4.0',
390 silly cache add   type: 'range' }
391 silly addNamed balanced-match@>=0.3.0 <0.4.0
392 verbose addNamed ">=0.3.0 <0.4.0" is a valid semver range for balanced-match
393 silly addNameRange { name: 'balanced-match',
393 silly addNameRange   range: '>=0.3.0 <0.4.0',
393 silly addNameRange   hasData: false }
394 silly mapToRegistry name balanced-match
395 silly mapToRegistry using default registry
396 silly mapToRegistry registry https://registry.npmjs.org/
397 silly mapToRegistry uri https://registry.npmjs.org/balanced-match
398 verbose addNameRange registry:https://registry.npmjs.org/balanced-match not in flight; fetching
399 verbose get https://registry.npmjs.org/concat-map not expired, no request
400 verbose get https://registry.npmjs.org/balanced-match not expired, no request
401 silly addNameRange number 2 { name: 'balanced-match',
401 silly addNameRange   range: '>=0.3.0 <0.4.0',
401 silly addNameRange   hasData: true }
402 silly addNameRange versions [ 'balanced-match',
402 silly addNameRange   [ '0.0.0', '0.0.1', '0.1.0', '0.2.0', '0.2.1', '0.3.0' ] ]
403 silly addNamed balanced-match@0.3.0
404 verbose addNamed "0.3.0" is a plain semver version for balanced-match
405 silly cache afterAdd concat-map@0.0.1
406 verbose afterAdd /Users/aleksandrgarbovskij/.npm/concat-map/0.0.1/package/package.json not in flight; writing
407 silly cache afterAdd balanced-match@0.3.0
408 verbose afterAdd /Users/aleksandrgarbovskij/.npm/balanced-match/0.3.0/package/package.json not in flight; writing
409 verbose afterAdd /Users/aleksandrgarbovskij/.npm/concat-map/0.0.1/package/package.json written
410 verbose afterAdd /Users/aleksandrgarbovskij/.npm/balanced-match/0.3.0/package/package.json written
411 silly loadAllDepsIntoIdealTree Finishing
412 silly idealTree:prePrune lib
412 silly idealTree:prePrune `-- rimraf@2.5.1
412 silly idealTree:prePrune   +-- balanced-match@0.3.0
412 silly idealTree:prePrune   +-- brace-expansion@1.1.3
412 silly idealTree:prePrune   +-- concat-map@0.0.1
412 silly idealTree:prePrune   +-- glob@6.0.4
412 silly idealTree:prePrune   +-- inflight@1.0.4
412 silly idealTree:prePrune   +-- inherits@2.0.1
412 silly idealTree:prePrune   +-- minimatch@3.0.0
412 silly idealTree:prePrune   +-- once@1.3.3
412 silly idealTree:prePrune   +-- path-is-absolute@1.0.0
412 silly idealTree:prePrune   `-- wrappy@1.0.1
413 silly loadIdealTree Finishing
414 silly currentTree lib
414 silly currentTree `-- rimraf@2.5.1
414 silly currentTree   +-- balanced-match@0.3.0
414 silly currentTree   +-- brace-expansion@1.1.2
414 silly currentTree   +-- concat-map@0.0.1
414 silly currentTree   +-- glob@6.0.4
414 silly currentTree   +-- inflight@1.0.4
414 silly currentTree   +-- inherits@2.0.1
414 silly currentTree   +-- minimatch@3.0.0
414 silly currentTree   +-- once@1.3.3
414 silly currentTree   +-- path-is-absolute@1.0.0
414 silly currentTree   `-- wrappy@1.0.1
415 silly idealTree lib
415 silly idealTree `-- rimraf@2.5.1
415 silly idealTree   +-- balanced-match@0.3.0
415 silly idealTree   +-- brace-expansion@1.1.3
415 silly idealTree   +-- concat-map@0.0.1
415 silly idealTree   +-- glob@6.0.4
415 silly idealTree   +-- inflight@1.0.4
415 silly idealTree   +-- inherits@2.0.1
415 silly idealTree   +-- minimatch@3.0.0
415 silly idealTree   +-- once@1.3.3
415 silly idealTree   +-- path-is-absolute@1.0.0
415 silly idealTree   `-- wrappy@1.0.1
416 silly generateActionsToTake Starting
417 silly install generateActionsToTake
418 warn checkPermissions Missing write access to /usr/local/lib/node_modules/rimraf/node_modules/brace-expansion
419 warn checkPermissions Missing write access to /usr/local/lib/node_modules/rimraf
420 warn checkPermissions Missing write access to /usr/local/lib/node_modules/rimraf/node_modules
421 silly rollbackFailedOptional Starting
422 silly rollbackFailedOptional Finishing
423 silly runTopLevelLifecycles Starting
424 silly runTopLevelLifecycles Finishing
425 silly install printInstalled
426 verbose stack Error: EACCES: permission denied, access '/usr/local/lib/node_modules/rimraf/node_modules/brace-expansion'
426 verbose stack     at Error (native)
427 verbose cwd /Users/aleksandrgarbovskij/WebstormProjects/garbo-a.github.io
428 error Darwin 15.2.0
429 error argv "/usr/local/bin/node" "/usr/local/bin/npm" "i" "-g" "rimraf"
430 error node v5.4.1
431 error npm  v3.3.12
432 error path /usr/local/lib/node_modules/rimraf/node_modules/brace-expansion
433 error code EACCES
434 error errno -13
435 error syscall access
436 error Error: EACCES: permission denied, access '/usr/local/lib/node_modules/rimraf/node_modules/brace-expansion'
436 error     at Error (native)
436 error  { [Error: EACCES: permission denied, access '/usr/local/lib/node_modules/rimraf/node_modules/brace-expansion']
436 error   errno: -13,
436 error   code: 'EACCES',
436 error   syscall: 'access',
436 error   path: '/usr/local/lib/node_modules/rimraf/node_modules/brace-expansion' }
437 error Please try running this command again as root/Administrator.
438 verbose exit [ -13, true ]
